<?xml version="1.0" encoding="UTF-8" ?>
 <!DOCTYPE mapper PUBLIC "-//mybatis.org//DTD Mapper 3.0//EN"
  "http://mybatis.org/dtd/mybatis-3-mapper.dtd">
<mapper namespace="com.example.demo.test.mapper.TestMapper">
	<select id="getText" resultType="String">
			SELECT test_text
			  FROM donut_test
	</select>
</mapper>